Build started 2016-04-07 오전 12:42:38.
     1>Project "C:\SGD\laughing-pancake\cocos2d\cocos\2d\libcocos2d.vcxproj" on node 2 (Build target(s)).
     1>PreLinkEvent:
         if not exist "C:\SGD\laughing-pancake\proj.win32\Debug.win32\" mkdir "C:\SGD\laughing-pancake\proj.win32\Debug.win32\"
         xcopy /Y /Q "C:\SGD\laughing-pancake\cocos2d\cocos\2d\..\..\external\freetype2\prebuilt\win32\*.*" "C:\SGD\laughing-pancake\proj.win32\Debug.win32\"
         xcopy /Y /Q "C:\SGD\laughing-pancake\cocos2d\cocos\2d\..\..\external\glfw3\prebuilt\win32\*.*" "C:\SGD\laughing-pancake\proj.win32\Debug.win32\"
         xcopy /Y /Q "C:\SGD\laughing-pancake\cocos2d\cocos\2d\..\..\external\curl\prebuilt\win32\*.*" "C:\SGD\laughing-pancake\proj.win32\Debug.win32\"
         xcopy /Y /Q "C:\SGD\laughing-pancake\cocos2d\cocos\2d\..\..\external\jpeg\prebuilt\win32\*.*" "C:\SGD\laughing-pancake\proj.win32\Debug.win32\"
         xcopy /Y /Q "C:\SGD\laughing-pancake\cocos2d\cocos\2d\..\..\external\png\prebuilt\win32\*.*" "C:\SGD\laughing-pancake\proj.win32\Debug.win32\"
         xcopy /Y /Q "C:\SGD\laughing-pancake\cocos2d\cocos\2d\..\..\external\tiff\prebuilt\win32\*.*" "C:\SGD\laughing-pancake\proj.win32\Debug.win32\"
         xcopy /Y /Q "C:\SGD\laughing-pancake\cocos2d\cocos\2d\..\..\external\webp\prebuilt\win32\*.*" "C:\SGD\laughing-pancake\proj.win32\Debug.win32\"
         xcopy /Y /Q "C:\SGD\laughing-pancake\cocos2d\cocos\2d\..\..\external\websockets\prebuilt\win32\*.*" "C:\SGD\laughing-pancake\proj.win32\Debug.win32\"
         xcopy /Y /Q "C:\SGD\laughing-pancake\cocos2d\cocos\2d\..\..\external\win32-specific\zlib\prebuilt\*.*" "C:\SGD\laughing-pancake\proj.win32\Debug.win32\"
         xcopy /Y /Q "C:\SGD\laughing-pancake\cocos2d\cocos\2d\..\..\external\win32-specific\icon\prebuilt\*.*" "C:\SGD\laughing-pancake\proj.win32\Debug.win32\"
         xcopy /Y /Q "C:\SGD\laughing-pancake\cocos2d\cocos\2d\..\..\external\win32-specific\gles\prebuilt\*.*" "C:\SGD\laughing-pancake\proj.win32\Debug.win32\"
         xcopy /Y /Q "C:\SGD\laughing-pancake\cocos2d\cocos\2d\..\..\external\win32-specific\OpenalSoft\prebuilt\*.*" "C:\SGD\laughing-pancake\proj.win32\Debug.win32\"
         xcopy /Y /Q "C:\SGD\laughing-pancake\cocos2d\cocos\2d\..\..\external\win32-specific\MP3Decoder\prebuilt\*.*" "C:\SGD\laughing-pancake\proj.win32\Debug.win32\"
         xcopy /Y /Q "C:\SGD\laughing-pancake\cocos2d\cocos\2d\..\..\external\win32-specific\OggDecoder\prebuilt\*.*" "C:\SGD\laughing-pancake\proj.win32\Debug.win32\"
         xcopy /Y /Q "C:\SGD\laughing-pancake\cocos2d\cocos\2d\..\..\external\sqlite3\libraries\win32\*.*" "C:\SGD\laughing-pancake\proj.win32\Debug.win32\"
         xcopy /Y /Q "C:\SGD\laughing-pancake\cocos2d\cocos\2d\..\..\external\chipmunk\prebuilt\win32\debug-lib\*.*" "C:\SGD\laughing-pancake\proj.win32\Debug.win32\"
         :VCEnd
         파일을 찾을 수 없습니다-*.*
         0개 파일이 복사되었습니다.
         0개 파일이 복사되었습니다.
         파일을 찾을 수 없습니다-*.*
         0개 파일이 복사되었습니다.
         파일을 찾을 수 없습니다-*.*
         파일을 찾을 수 없습니다-*.*
         0개 파일이 복사되었습니다.
         파일을 찾을 수 없습니다-*.*
         0개 파일이 복사되었습니다.
         파일을 찾을 수 없습니다-*.*
         0개 파일이 복사되었습니다.
         0개 파일이 복사되었습니다.
         파일을 찾을 수 없습니다-*.*
         0개 파일이 복사되었습니다.
         파일을 찾을 수 없습니다-*.*
         파일을 찾을 수 없습니다-*.*
         0개 파일이 복사되었습니다.
         파일을 찾을 수 없습니다-*.*
         0개 파일이 복사되었습니다.
         파일을 찾을 수 없습니다-*.*
         0개 파일이 복사되었습니다.
         0개 파일이 복사되었습니다.
         파일을 찾을 수 없습니다-*.*
         0개 파일이 복사되었습니다.
         파일을 찾을 수 없습니다-*.*
         파일을 찾을 수 없습니다-*.*
         0개 파일이 복사되었습니다.
         파일을 찾을 수 없습니다-*.*
         0개 파일이 복사되었습니다.
         0개 파일이 복사되었습니다.
         파일을 찾을 수 없습니다-*.*
     1>C:\Program Files (x86)\MSBuild\Microsoft.Cpp\v4.0\V120\Microsoft.CppCommon.targets(127,5): error MSB3073: The command "if not exist "C:\SGD\laughing-pancake\proj.win32\Debug.win32\" mkdir "C:\SGD\laughing-pancake\proj.win32\Debug.win32\"
C:\Program Files (x86)\MSBuild\Microsoft.Cpp\v4.0\V120\Microsoft.CppCommon.targets(127,5): error MSB3073: xcopy /Y /Q "C:\SGD\laughing-pancake\cocos2d\cocos\2d\..\..\external\freetype2\prebuilt\win32\*.*" "C:\SGD\laughing-pancake\proj.win32\Debug.win32\"
C:\Program Files (x86)\MSBuild\Microsoft.Cpp\v4.0\V120\Microsoft.CppCommon.targets(127,5): error MSB3073: xcopy /Y /Q "C:\SGD\laughing-pancake\cocos2d\cocos\2d\..\..\external\glfw3\prebuilt\win32\*.*" "C:\SGD\laughing-pancake\proj.win32\Debug.win32\"
C:\Program Files (x86)\MSBuild\Microsoft.Cpp\v4.0\V120\Microsoft.CppCommon.targets(127,5): error MSB3073: xcopy /Y /Q "C:\SGD\laughing-pancake\cocos2d\cocos\2d\..\..\external\curl\prebuilt\win32\*.*" "C:\SGD\laughing-pancake\proj.win32\Debug.win32\"
C:\Program Files (x86)\MSBuild\Microsoft.Cpp\v4.0\V120\Microsoft.CppCommon.targets(127,5): error MSB3073: xcopy /Y /Q "C:\SGD\laughing-pancake\cocos2d\cocos\2d\..\..\external\jpeg\prebuilt\win32\*.*" "C:\SGD\laughing-pancake\proj.win32\Debug.win32\"
C:\Program Files (x86)\MSBuild\Microsoft.Cpp\v4.0\V120\Microsoft.CppCommon.targets(127,5): error MSB3073: xcopy /Y /Q "C:\SGD\laughing-pancake\cocos2d\cocos\2d\..\..\external\png\prebuilt\win32\*.*" "C:\SGD\laughing-pancake\proj.win32\Debug.win32\"
C:\Program Files (x86)\MSBuild\Microsoft.Cpp\v4.0\V120\Microsoft.CppCommon.targets(127,5): error MSB3073: xcopy /Y /Q "C:\SGD\laughing-pancake\cocos2d\cocos\2d\..\..\external\tiff\prebuilt\win32\*.*" "C:\SGD\laughing-pancake\proj.win32\Debug.win32\"
C:\Program Files (x86)\MSBuild\Microsoft.Cpp\v4.0\V120\Microsoft.CppCommon.targets(127,5): error MSB3073: xcopy /Y /Q "C:\SGD\laughing-pancake\cocos2d\cocos\2d\..\..\external\webp\prebuilt\win32\*.*" "C:\SGD\laughing-pancake\proj.win32\Debug.win32\"
C:\Program Files (x86)\MSBuild\Microsoft.Cpp\v4.0\V120\Microsoft.CppCommon.targets(127,5): error MSB3073: xcopy /Y /Q "C:\SGD\laughing-pancake\cocos2d\cocos\2d\..\..\external\websockets\prebuilt\win32\*.*" "C:\SGD\laughing-pancake\proj.win32\Debug.win32\"
C:\Program Files (x86)\MSBuild\Microsoft.Cpp\v4.0\V120\Microsoft.CppCommon.targets(127,5): error MSB3073: xcopy /Y /Q "C:\SGD\laughing-pancake\cocos2d\cocos\2d\..\..\external\win32-specific\zlib\prebuilt\*.*" "C:\SGD\laughing-pancake\proj.win32\Debug.win32\"
C:\Program Files (x86)\MSBuild\Microsoft.Cpp\v4.0\V120\Microsoft.CppCommon.targets(127,5): error MSB3073: xcopy /Y /Q "C:\SGD\laughing-pancake\cocos2d\cocos\2d\..\..\external\win32-specific\icon\prebuilt\*.*" "C:\SGD\laughing-pancake\proj.win32\Debug.win32\"
C:\Program Files (x86)\MSBuild\Microsoft.Cpp\v4.0\V120\Microsoft.CppCommon.targets(127,5): error MSB3073: xcopy /Y /Q "C:\SGD\laughing-pancake\cocos2d\cocos\2d\..\..\external\win32-specific\gles\prebuilt\*.*" "C:\SGD\laughing-pancake\proj.win32\Debug.win32\"
C:\Program Files (x86)\MSBuild\Microsoft.Cpp\v4.0\V120\Microsoft.CppCommon.targets(127,5): error MSB3073: xcopy /Y /Q "C:\SGD\laughing-pancake\cocos2d\cocos\2d\..\..\external\win32-specific\OpenalSoft\prebuilt\*.*" "C:\SGD\laughing-pancake\proj.win32\Debug.win32\"
C:\Program Files (x86)\MSBuild\Microsoft.Cpp\v4.0\V120\Microsoft.CppCommon.targets(127,5): error MSB3073: xcopy /Y /Q "C:\SGD\laughing-pancake\cocos2d\cocos\2d\..\..\external\win32-specific\MP3Decoder\prebuilt\*.*" "C:\SGD\laughing-pancake\proj.win32\Debug.win32\"
C:\Program Files (x86)\MSBuild\Microsoft.Cpp\v4.0\V120\Microsoft.CppCommon.targets(127,5): error MSB3073: xcopy /Y /Q "C:\SGD\laughing-pancake\cocos2d\cocos\2d\..\..\external\win32-specific\OggDecoder\prebuilt\*.*" "C:\SGD\laughing-pancake\proj.win32\Debug.win32\"
C:\Program Files (x86)\MSBuild\Microsoft.Cpp\v4.0\V120\Microsoft.CppCommon.targets(127,5): error MSB3073: xcopy /Y /Q "C:\SGD\laughing-pancake\cocos2d\cocos\2d\..\..\external\sqlite3\libraries\win32\*.*" "C:\SGD\laughing-pancake\proj.win32\Debug.win32\"
C:\Program Files (x86)\MSBuild\Microsoft.Cpp\v4.0\V120\Microsoft.CppCommon.targets(127,5): error MSB3073: xcopy /Y /Q "C:\SGD\laughing-pancake\cocos2d\cocos\2d\..\..\external\chipmunk\prebuilt\win32\debug-lib\*.*" "C:\SGD\laughing-pancake\proj.win32\Debug.win32\"
C:\Program Files (x86)\MSBuild\Microsoft.Cpp\v4.0\V120\Microsoft.CppCommon.targets(127,5): error MSB3073: :VCEnd" exited with code 4.
     1>Done Building Project "C:\SGD\laughing-pancake\cocos2d\cocos\2d\libcocos2d.vcxproj" (Build target(s)) -- FAILED.

Build FAILED.

Time Elapsed 00:00:02.62
